Arguments: 
  C:\Program Files\nodejs\node.exe C:\Users\zhouyuan11\AppData\Roaming\npm\node_modules\yarn\bin\yarn.js install

PATH: 
  C:\Program Files (x86)\Common Files\Oracle\Java\javapath;C:\Program Files (x86)\Intel\iCLS Client\;C:\Program Files\Intel\iCLS Client\;C:\windows\system32;C:\windows;C:\windows\System32\Wbem;C:\windows\System32\WindowsPowerShell\v1.0\;C:\Program Files (x86)\Intel\Intel(R) Management Engine Components\DAL;C:\Program Files\Intel\Intel(R) Management Engine Components\DAL;C:\Program Files (x86)\Intel\Intel(R) Management Engine Components\IPT;C:\Program Files\Intel\Intel(R) Management Engine Components\IPT;C:\Go\bin;D:\Git\cmd;C:\Program Files\nodejs\;C:\Program Files (x86)\dotnet\;C:\Program Files\Microsoft SQL Server\130\Tools\Binn\;D:\Microsoft VS Code\bin;C:\Program Files\dotnet\;C:\Users\zhouyuan11\AppData\Local\Programs\Python\Python36\Scripts\;C:\Users\zhouyuan11\AppData\Local\Programs\Python\Python36\;C:\Users\zhouyuan11\AppData\Local\Microsoft\WindowsApps;D:\Microsoft VS Code\bin;C:\Users\zhouyuan11\AppData\Roaming\npm;C:\Program Files (x86)\Microsoft Visual Studio\Shared\Packages\Microsoft.CodeDom.Providers.DotNetCompilerPlatform.2.0.0\tools\RoslynLatest;D:\javajdk\bin;C:\MinGW\bin;D:\Fiddler;C:\Program Files\CMake\bin;C:\Users\zhouyuan11\Desktop\解释器\jieshi_toole;D:\maven\apache-maven-3.5.4-bin.tar\apache-maven-3.5.4\bin;

Yarn version: 
  1.7.0

Node version: 
  10.2.0

Platform: 
  win32 x64

Trace: 
  Error: ENOENT: no such file or directory, copyfile 'C:\Users\zhouyuan11\AppData\Local\Yarn\Cache\v1\npm-ms-2.1.1-30a5864eb3ebb0a66f2ebe6d727af06a09d86e0a\license.md' -> 'C:\Users\zhouyuan11\Desktop\test-electron\node_modules\electron-download\node_modules\ms\license.md'

npm manifest: 
  {
    "name": "test-electron",
    "version": "1.0.0",
    "description": "",
    "main": "main.js",
    "scripts": {
      "start": "electron .",
      "dist": "electron-builder --win --x64",
      "test": "echo \"Error: no test specified\" && exit 1"
    },
    "keywords": [],
    "author": "",
    "license": "ISC",
    "dependencies": {
      "balanced-match": "^1.0.0",
      "electron-settings": "^3.2.0",
      "glob": "^7.1.3",
      "lowdb": "^1.0.0"
    },
    "devDependencies": {
      "balanced-match": "^1.0.0",
      "electron": "^3.0.5"
    }
  }

yarn manifest: 
  No manifest

Lockfile: 
  No lockfile
